<?xml version="1.0" encoding="UTF-8"?>
<Site BuildName="Linux-g++"
	BuildStamp="20240819-0007-Experimental"
	Name="codespaces-7ce212"
	Generator="ctest-3.16.3"
	CompilerName="/usr/bin/g++"
	CompilerVersion="9.4.0"
	OSName="Linux"
	Hostname="codespaces-44eb01"
	OSRelease="6.5.0-1022-azure"
	OSVersion="#23~22.04.1-Ubuntu SMP Thu May  9 17:59:24 UTC 2024"
	OSPlatform="x86_64"
	Is64Bits="1"
	VendorString="AuthenticAMD"
	VendorID="Advanced Micro Devices"
	FamilyID="25"
	ModelID="1"
	ProcessorCacheSize="512"
	NumberOfLogicalCPU="2"
	NumberOfPhysicalCPU="1"
	TotalVirtualMemory="0"
	TotalPhysicalMemory="7929"
	LogicalProcessorsPerPhysical="2"
	ProcessorClockFrequency="3242.8"
	>
	<Testing>
		<StartDateTime>Aug 19 00:07 UTC</StartDateTime>
		<StartTestTime>1724026046</StartTestTime>
		<TestList/>
		<EndDateTime>Aug 19 00:07 UTC</EndDateTime>
		<EndTestTime>1724026046</EndTestTime>
		<ElapsedMinutes>0</ElapsedMinutes>
	</Testing>
</Site>
